f:\documents\visual studio 2015\projects\start-opencv\start-opencv\debug\vc140.pdb
f:\documents\visual studio 2015\projects\start-opencv\start-opencv\debug\vc140.idb
f:\documents\visual studio 2015\projects\start-opencv\start-opencv\debug\argv.obj
f:\documents\visual studio 2015\projects\start-opencv\start-opencv\debug\avi.obj
f:\documents\visual studio 2015\projects\start-opencv\start-opencv\debug\cam_bg_model.obj
f:\documents\visual studio 2015\projects\start-opencv\start-opencv\debug\difficult_transition.obj
f:\documents\visual studio 2015\projects\start-opencv\start-opencv\debug\imshow.obj
f:\documents\visual studio 2015\projects\start-opencv\start-opencv\debug\stdafx.obj
f:\documents\visual studio 2015\projects\start-opencv\start-opencv\debug\maintest.obj
f:\documents\visual studio 2015\projects\start-opencv\start-opencv\debug\read_from_cam.obj
f:\documents\visual studio 2015\projects\start-opencv\start-opencv\debug\test.obj
f:\documents\visual studio 2015\projects\start-opencv\start-opencv\debug\trackslide.obj
f:\documents\visual studio 2015\projects\start-opencv\start-opencv\debug\write_to_avi.obj
f:\documents\visual studio 2015\projects\start-opencv\start-opencv\debug\data_storage.obj
f:\documents\visual studio 2015\projects\start-opencv\start-opencv\debug\roi_add.obj
f:\documents\visual studio 2015\projects\start-opencv\start-opencv\debug\mouse_callback.obj
f:\documents\visual studio 2015\projects\start-opencv\start-opencv\debug\switch.obj
f:\documents\visual studio 2015\projects\start-opencv\start-opencv\debug\threshold.obj
f:\documents\visual studio 2015\projects\start-opencv\debug\start-opencv.ilk
f:\documents\visual studio 2015\projects\start-opencv\debug\start-opencv.exe
f:\documents\visual studio 2015\projects\start-opencv\debug\start-opencv.pdb
f:\documents\visual studio 2015\projects\start-opencv\start-opencv\debug\start-opencv.tlog\cl.command.1.tlog
f:\documents\visual studio 2015\projects\start-opencv\start-opencv\debug\start-opencv.tlog\cl.read.1.tlog
f:\documents\visual studio 2015\projects\start-opencv\start-opencv\debug\start-opencv.tlog\cl.write.1.tlog
f:\documents\visual studio 2015\projects\start-opencv\start-opencv\debug\start-opencv.tlog\clang.8844.read.1.tlog
f:\documents\visual studio 2015\projects\start-opencv\start-opencv\debug\start-opencv.tlog\clang.command.1.tlog
f:\documents\visual studio 2015\projects\start-opencv\start-opencv\debug\start-opencv.tlog\clang.read.1.tlog
f:\documents\visual studio 2015\projects\start-opencv\start-opencv\debug\start-opencv.tlog\link.command.1.tlog
f:\documents\visual studio 2015\projects\start-opencv\start-opencv\debug\start-opencv.tlog\link.read.1.tlog
f:\documents\visual studio 2015\projects\start-opencv\start-opencv\debug\start-opencv.tlog\link.write.1.tlog
f:\documents\visual studio 2015\projects\start-opencv\start-opencv\debug\start-opencv.tlog\microsoft.build.cpptasks.clangcompile.read.1.tlog
f:\documents\visual studio 2015\projects\start-opencv\start-opencv\debug\start-opencv.tlog\microsoft.build.cpptasks.clangcompile.write.1.tlog
