  main.cpp
  正在生成代码...
  正在编译...
  write_to_avi.cpp
  warp.cpp
f:\documents\visual studio 2015\projects\start-opencv\start-opencv\warp.cpp(23): warning C4244: “=”: 从“int”转换到“float”，可能丢失数据
f:\documents\visual studio 2015\projects\start-opencv\start-opencv\warp.cpp(27): warning C4244: “=”: 从“int”转换到“float”，可能丢失数据
f:\documents\visual studio 2015\projects\start-opencv\start-opencv\warp.cpp(29): warning C4244: “=”: 从“double”转换到“float”，可能丢失数据
f:\documents\visual studio 2015\projects\start-opencv\start-opencv\warp.cpp(30): warning C4244: “=”: 从“double”转换到“float”，可能丢失数据
f:\documents\visual studio 2015\projects\start-opencv\start-opencv\warp.cpp(32): warning C4244: “=”: 从“double”转换到“float”，可能丢失数据
f:\documents\visual studio 2015\projects\start-opencv\start-opencv\warp.cpp(33): warning C4244: “=”: 从“double”转换到“float”，可能丢失数据
f:\documents\visual studio 2015\projects\start-opencv\start-opencv\warp.cpp(35): warning C4244: “=”: 从“double”转换到“float”，可能丢失数据
f:\documents\visual studio 2015\projects\start-opencv\start-opencv\warp.cpp(36): warning C4244: “=”: 从“double”转换到“float”，可能丢失数据
f:\documents\visual studio 2015\projects\start-opencv\start-opencv\warp.cpp(88): warning C4244: “=”: 从“int”转换到“float”，可能丢失数据
f:\documents\visual studio 2015\projects\start-opencv\start-opencv\warp.cpp(91): warning C4244: “=”: 从“int”转换到“float”，可能丢失数据
f:\documents\visual studio 2015\projects\start-opencv\start-opencv\warp.cpp(92): warning C4244: “=”: 从“int”转换到“float”，可能丢失数据
f:\documents\visual studio 2015\projects\start-opencv\start-opencv\warp.cpp(93): warning C4244: “=”: 从“int”转换到“float”，可能丢失数据
f:\documents\visual studio 2015\projects\start-opencv\start-opencv\warp.cpp(95): warning C4244: “=”: 从“double”转换到“float”，可能丢失数据
f:\documents\visual studio 2015\projects\start-opencv\start-opencv\warp.cpp(96): warning C4244: “=”: 从“double”转换到“float”，可能丢失数据
f:\documents\visual studio 2015\projects\start-opencv\start-opencv\warp.cpp(97): warning C4244: “=”: 从“double”转换到“float”，可能丢失数据
f:\documents\visual studio 2015\projects\start-opencv\start-opencv\warp.cpp(98): warning C4244: “=”: 从“double”转换到“float”，可能丢失数据
f:\documents\visual studio 2015\projects\start-opencv\start-opencv\warp.cpp(99): warning C4244: “=”: 从“double”转换到“float”，可能丢失数据
f:\documents\visual studio 2015\projects\start-opencv\start-opencv\warp.cpp(100): warning C4244: “=”: 从“double”转换到“float”，可能丢失数据
f:\documents\visual studio 2015\projects\start-opencv\start-opencv\warp.cpp(101): warning C4244: “=”: 从“double”转换到“float”，可能丢失数据
f:\documents\visual studio 2015\projects\start-opencv\start-opencv\warp.cpp(102): warning C4244: “=”: 从“double”转换到“float”，可能丢失数据
  trackslide.cpp
  threshold.cpp
  test.cpp
  template_match.cpp
  switch.cpp
  stdafx.cpp
  speedy_conv.cpp
  seq.cpp
  roi_add.cpp
  read_from_cam.cpp
  nihe_2d.cpp
f:\documents\visual studio 2015\projects\start-opencv\start-opencv\nihe_2d.cpp(14): warning C4244: “初始化”: 从“double”转换到“float”，可能丢失数据
f:\documents\visual studio 2015\projects\start-opencv\start-opencv\nihe_2d.cpp(15): warning C4244: “初始化”: 从“double”转换到“float”，可能丢失数据
f:\documents\visual studio 2015\projects\start-opencv\start-opencv\nihe_2d.cpp(16): warning C4244: “初始化”: 从“double”转换到“float”，可能丢失数据
f:\documents\visual studio 2015\projects\start-opencv\start-opencv\nihe_2d.cpp(25): warning C4244: “=”: 从“double”转换到“float”，可能丢失数据
f:\documents\visual studio 2015\projects\start-opencv\start-opencv\nihe_2d.cpp(28): warning C4244: “初始化”: 从“double”转换到“float”，可能丢失数据
f:\documents\visual studio 2015\projects\start-opencv\start-opencv\nihe_2d.cpp(29): warning C4244: “初始化”: 从“double”转换到“float”，可能丢失数据
f:\documents\visual studio 2015\projects\start-opencv\start-opencv\nihe_2d.cpp(54): warning C4244: “=”: 从“double”转换到“float”，可能丢失数据
  mouse_callback.cpp
  lucas-kanade.cpp
  log_polar.cpp
  keystroke.cpp
  kalman.cpp
  imshow.cpp
  histogram.cpp
  正在生成代码...
  正在编译...
  gesture_main.cpp
f:\documents\visual studio 2015\projects\start-opencv\start-opencv\gesture_main.cpp(127): warning C4244: “=”: 从“double”转换到“int”，可能丢失数据
f:\documents\visual studio 2015\projects\start-opencv\start-opencv\gesture_main.cpp(128): warning C4244: “=”: 从“double”转换到“int”，可能丢失数据
  find_circle.cpp
  emd.cpp
  difficult_transition.cpp
  data_storage.cpp
  contour.cpp
  codebook_bg.cpp
f:\documents\visual studio 2015\projects\start-opencv\start-opencv\codebook_bg.cpp(24): warning C4018: “<”: 有符号/无符号不匹配
f:\documents\visual studio 2015\projects\start-opencv\start-opencv\codebook_bg.cpp(37): warning C4018: “<”: 有符号/无符号不匹配
f:\documents\visual studio 2015\projects\start-opencv\start-opencv\codebook_bg.cpp(51): warning C4018: “<”: 有符号/无符号不匹配
f:\documents\visual studio 2015\projects\start-opencv\start-opencv\codebook_bg.cpp(80): warning C4018: “<”: 有符号/无符号不匹配
f:\documents\visual studio 2015\projects\start-opencv\start-opencv\codebook_bg.cpp(92): warning C4018: “<”: 有符号/无符号不匹配
  cam_bg_model.cpp
  birds_eye.cpp
f:\documents\visual studio 2015\projects\start-opencv\start-opencv\birds_eye.cpp(56): warning C4244: “=”: 从“int”转换到“float”，可能丢失数据
f:\documents\visual studio 2015\projects\start-opencv\start-opencv\birds_eye.cpp(57): warning C4244: “=”: 从“int”转换到“float”，可能丢失数据
f:\documents\visual studio 2015\projects\start-opencv\start-opencv\birds_eye.cpp(58): warning C4244: “=”: 从“int”转换到“float”，可能丢失数据
  avi.cpp
  avg_bg.cpp
f:\documents\visual studio 2015\projects\start-opencv\start-opencv\avg_bg.cpp(9): warning C4101: “b”: 未引用的局部变量
f:\documents\visual studio 2015\projects\start-opencv\start-opencv\avg_bg.cpp(9): warning C4101: “g”: 未引用的局部变量
f:\documents\visual studio 2015\projects\start-opencv\start-opencv\avg_bg.cpp(9): warning C4101: “r”: 未引用的局部变量
f:\documents\visual studio 2015\projects\start-opencv\start-opencv\avg_bg.cpp(126): warning C4305: “=”: 从“double”到“float”截断
f:\documents\visual studio 2015\projects\start-opencv\start-opencv\avg_bg.cpp(147): warning C4244: “参数”: 从“double”转换到“int”，可能丢失数据
  正在生成代码...
  LINK : 没有找到 F:\Documents\Visual Studio 2015\Projects\start-opencv\Debug\start-opencv.exe 或上一个增量链接没有生成它；正在执行完全链接
  start-opencv.vcxproj -> F:\Documents\Visual Studio 2015\Projects\start-opencv\Debug\start-opencv.exe
